<?xml version="1.0" encoding="UTF-8"?>
<!-- Generated by org.testng.reporters.JUnitReportReporter -->
<testsuite hostname="Admin" failures="0" tests="3" name="TestCases.LoginPageTest" time="42.246" errors="0" timestamp="2022-06-04T20:13:04 IST" skipped="0">
  <testcase classname="TestCases.LoginPageTest" name="veriyTitle" time="15.446"/>
  <testcase classname="TestCases.LoginPageTest" name="verifyzerodhaLogoTest" time="7.088"/>
  <testcase classname="TestCases.LoginPageTest" name="verifykiteLogoTest" time="19.712"/>
</testsuite> <!-- TestCases.LoginPageTest -->
